
*** Running vivado
    with args -log design_1_wrapper.vds -m64 -product Vivado -mode batch -messageDb vivado.pb -notrace -source design_1_wrapper.tcl


****** Vivado v2025.2 (64-bit)
  **** SW Build 6299465 on Fri Nov 14 12:34:56 MST 2025
  **** IP Build 6300035 on Fri Nov 14 10:48:45 MST 2025
  **** SharedData Build 6298862 on Thu Nov 13 04:50:51 MST 2025
  **** Start of session at: Tue Feb 10 17:07:34 2026
    ** Copyright 1986-2022 Xilinx, Inc. All Rights Reserved.
    ** Copyright 2022-2025 Advanced Micro Devices, Inc. All Rights Reserved.

source design_1_wrapper.tcl -notrace
INFO: [IP_Flow 19-234] Refreshing IP repositories
INFO: [IP_Flow 19-1704] No user IP repositories specified
INFO: [IP_Flow 19-2313] Loaded Vivado IP repository '/home/ishfisav/Desktop/amd2025.2/2025.2/data/ip'.
Command: read_checkpoint -auto_incremental -incremental /home/ishfisav/Desktop/amd2025.2/2025.2/Vivado/bin/eth_1G/eth_1G.srcs/utils_1/imports/synth_1/design_1_wrapper.dcp
INFO: [Vivado 12-5825] Read reference checkpoint from /home/ishfisav/Desktop/amd2025.2/2025.2/Vivado/bin/eth_1G/eth_1G.srcs/utils_1/imports/synth_1/design_1_wrapper.dcp for incremental synthesis
INFO: [Vivado 12-7989] Please ensure there are no constraint changes
Command: synth_design -top design_1_wrapper -part xck26-sfvc784-2LV-c
Starting synth_design
Attempting to get a license for feature 'Synthesis' and/or device 'xck26'
INFO: [Common 17-349] Got license for feature 'Synthesis' and/or device 'xck26'
INFO: [Device 21-403] Loading part xck26-sfvc784-2LV-c
INFO: [Designutils 20-5440] No compile time benefit to using incremental synthesis; A full resynthesis will be run
INFO: [Designutils 20-4379] Flow is switching to default flow due to incremental criteria not met. If you would like to alter this behaviour and have the flow terminate instead, please set the following parameter config_implementation {autoIncr.Synth.RejectBehavior Terminate}
INFO: [Synth 8-7079] Multithreading enabled for synth_design using a maximum of 7 processes.
INFO: [Synth 8-7078] Launching helper process for spawning children vivado processes
INFO: [Synth 8-7075] Helper process launched with PID 123421
---------------------------------------------------------------------------------
Starting RTL Elaboration : Time (s): cpu = 00:00:03 ; elapsed = 00:00:03 . Memory (MB): peak = 2851.992 ; gain = 143.688 ; free physical = 11532 ; free virtual = 120359
---------------------------------------------------------------------------------
INFO: [Synth 8-11241] undeclared symbol 'dp_audi_ref_clk', assumed default net type 'wire' [/home/ishfisav/Desktop/amd2025.2/2025.2/Vivado/bin/eth_1G/eth_1G.gen/sources_1/bd/design_1/ip/design_1_zynq_ultra_ps_e_0_0/hdl/zynq_ultra_ps_e_v3_5_8.v:2517]
INFO: [Synth 8-6157] synthesizing module 'design_1_wrapper' [/home/ishfisav/Desktop/amd2025.2/2025.2/Vivado/bin/eth_1G/eth_1G.gen/sources_1/bd/design_1/hdl/design_1_wrapper.v:13]
INFO: [Synth 8-6157] synthesizing module 'design_1' [/home/ishfisav/Desktop/amd2025.2/2025.2/Vivado/bin/eth_1G/eth_1G.gen/sources_1/bd/design_1/synth/design_1.v:13]
INFO: [Synth 8-6157] synthesizing module 'design_1_zynq_ultra_ps_e_0_0' [/home/ishfisav/Desktop/amd2025.2/2025.2/Vivado/bin/eth_1G/eth_1G.gen/sources_1/bd/design_1/ip/design_1_zynq_ultra_ps_e_0_0/synth/design_1_zynq_ultra_ps_e_0_0.v:53]
INFO: [Synth 8-6157] synthesizing module 'zynq_ultra_ps_e_v3_5_8_zynq_ultra_ps_e' [/home/ishfisav/Desktop/amd2025.2/2025.2/Vivado/bin/eth_1G/eth_1G.gen/sources_1/bd/design_1/ip/design_1_zynq_ultra_ps_e_0_0/hdl/zynq_ultra_ps_e_v3_5_8.v:68]
INFO: [Synth 8-6157] synthesizing module 'BUFG_PS' [/home/ishfisav/Desktop/amd2025.2/2025.2/Vivado/scripts/rt/data/unisim_comp.v:2914]
INFO: [Synth 8-6155] done synthesizing module 'BUFG_PS' (0#1) [/home/ishfisav/Desktop/amd2025.2/2025.2/Vivado/scripts/rt/data/unisim_comp.v:2914]
INFO: [Synth 8-6157] synthesizing module 'PS8' [/home/ishfisav/Desktop/amd2025.2/2025.2/Vivado/scripts/rt/data/unisim_comp.v:141540]
INFO: [Synth 8-6155] done synthesizing module 'PS8' (0#1) [/home/ishfisav/Desktop/amd2025.2/2025.2/Vivado/scripts/rt/data/unisim_comp.v:141540]
WARNING: [Synth 8-689] width (5) of port connection 'EMIOSDIO0DATAIN' does not match port width (8) of module 'PS8' [/home/ishfisav/Desktop/amd2025.2/2025.2/Vivado/bin/eth_1G/eth_1G.gen/sources_1/bd/design_1/ip/design_1_zynq_ultra_ps_e_0_0/hdl/zynq_ultra_ps_e_v3_5_8.v:4701]
WARNING: [Synth 8-689] width (5) of port connection 'EMIOSDIO0DATAOUT' does not match port width (8) of module 'PS8' [/home/ishfisav/Desktop/amd2025.2/2025.2/Vivado/bin/eth_1G/eth_1G.gen/sources_1/bd/design_1/ip/design_1_zynq_ultra_ps_e_0_0/hdl/zynq_ultra_ps_e_v3_5_8.v:4702]
WARNING: [Synth 8-689] width (5) of port connection 'EMIOSDIO0DATAENA' does not match port width (8) of module 'PS8' [/home/ishfisav/Desktop/amd2025.2/2025.2/Vivado/bin/eth_1G/eth_1G.gen/sources_1/bd/design_1/ip/design_1_zynq_ultra_ps_e_0_0/hdl/zynq_ultra_ps_e_v3_5_8.v:4703]
WARNING: [Synth 8-7071] port 'PSS_ALTO_CORE_PAD_MGTTXN0OUT' of module 'PS8' is unconnected for instance 'PS8_i' [/home/ishfisav/Desktop/amd2025.2/2025.2/Vivado/bin/eth_1G/eth_1G.gen/sources_1/bd/design_1/ip/design_1_zynq_ultra_ps_e_0_0/hdl/zynq_ultra_ps_e_v3_5_8.v:3892]
WARNING: [Synth 8-7071] port 'PSS_ALTO_CORE_PAD_MGTTXN1OUT' of module 'PS8' is unconnected for instance 'PS8_i' [/home/ishfisav/Desktop/amd2025.2/2025.2/Vivado/bin/eth_1G/eth_1G.gen/sources_1/bd/design_1/ip/design_1_zynq_ultra_ps_e_0_0/hdl/zynq_ultra_ps_e_v3_5_8.v:3892]
WARNING: [Synth 8-7071] port 'PSS_ALTO_CORE_PAD_MGTTXN2OUT' of module 'PS8' is unconnected for instance 'PS8_i' [/home/ishfisav/Desktop/amd2025.2/2025.2/Vivado/bin/eth_1G/eth_1G.gen/sources_1/bd/design_1/ip/design_1_zynq_ultra_ps_e_0_0/hdl/zynq_ultra_ps_e_v3_5_8.v:3892]
WARNING: [Synth 8-7071] port 'PSS_ALTO_CORE_PAD_MGTTXN3OUT' of module 'PS8' is unconnected for instance 'PS8_i' [/home/ishfisav/Desktop/amd2025.2/2025.2/Vivado/bin/eth_1G/eth_1G.gen/sources_1/bd/design_1/ip/design_1_zynq_ultra_ps_e_0_0/hdl/zynq_ultra_ps_e_v3_5_8.v:3892]
WARNING: [Synth 8-7071] port 'PSS_ALTO_CORE_PAD_MGTTXP0OUT' of module 'PS8' is unconnected for instance 'PS8_i' [/home/ishfisav/Desktop/amd2025.2/2025.2/Vivado/bin/eth_1G/eth_1G.gen/sources_1/bd/design_1/ip/design_1_zynq_ultra_ps_e_0_0/hdl/zynq_ultra_ps_e_v3_5_8.v:3892]
WARNING: [Synth 8-7071] port 'PSS_ALTO_CORE_PAD_MGTTXP1OUT' of module 'PS8' is unconnected for instance 'PS8_i' [/home/ishfisav/Desktop/amd2025.2/2025.2/Vivado/bin/eth_1G/eth_1G.gen/sources_1/bd/design_1/ip/design_1_zynq_ultra_ps_e_0_0/hdl/zynq_ultra_ps_e_v3_5_8.v:3892]
WARNING: [Synth 8-7071] port 'PSS_ALTO_CORE_PAD_MGTTXP2OUT' of module 'PS8' is unconnected for instance 'PS8_i' [/home/ishfisav/Desktop/amd2025.2/2025.2/Vivado/bin/eth_1G/eth_1G.gen/sources_1/bd/design_1/ip/design_1_zynq_ultra_ps_e_0_0/hdl/zynq_ultra_ps_e_v3_5_8.v:3892]
WARNING: [Synth 8-7071] port 'PSS_ALTO_CORE_PAD_MGTTXP3OUT' of module 'PS8' is unconnected for instance 'PS8_i' [/home/ishfisav/Desktop/amd2025.2/2025.2/Vivado/bin/eth_1G/eth_1G.gen/sources_1/bd/design_1/ip/design_1_zynq_ultra_ps_e_0_0/hdl/zynq_ultra_ps_e_v3_5_8.v:3892]
WARNING: [Synth 8-7071] port 'PSS_ALTO_CORE_PAD_PADO' of module 'PS8' is unconnected for instance 'PS8_i' [/home/ishfisav/Desktop/amd2025.2/2025.2/Vivado/bin/eth_1G/eth_1G.gen/sources_1/bd/design_1/ip/design_1_zynq_ultra_ps_e_0_0/hdl/zynq_ultra_ps_e_v3_5_8.v:3892]
WARNING: [Synth 8-7071] port 'PSS_ALTO_CORE_PAD_BOOTMODE' of module 'PS8' is unconnected for instance 'PS8_i' [/home/ishfisav/Desktop/amd2025.2/2025.2/Vivado/bin/eth_1G/eth_1G.gen/sources_1/bd/design_1/ip/design_1_zynq_ultra_ps_e_0_0/hdl/zynq_ultra_ps_e_v3_5_8.v:3892]
WARNING: [Synth 8-7071] port 'PSS_ALTO_CORE_PAD_CLK' of module 'PS8' is unconnected for instance 'PS8_i' [/home/ishfisav/Desktop/amd2025.2/2025.2/Vivado/bin/eth_1G/eth_1G.gen/sources_1/bd/design_1/ip/design_1_zynq_ultra_ps_e_0_0/hdl/zynq_ultra_ps_e_v3_5_8.v:3892]
WARNING: [Synth 8-7071] port 'PSS_ALTO_CORE_PAD_DONEB' of module 'PS8' is unconnected for instance 'PS8_i' [/home/ishfisav/Desktop/amd2025.2/2025.2/Vivado/bin/eth_1G/eth_1G.gen/sources_1/bd/design_1/ip/design_1_zynq_ultra_ps_e_0_0/hdl/zynq_ultra_ps_e_v3_5_8.v:3892]
WARNING: [Synth 8-7071] port 'PSS_ALTO_CORE_PAD_DRAMA' of module 'PS8' is unconnected for instance 'PS8_i' [/home/ishfisav/Desktop/amd2025.2/2025.2/Vivado/bin/eth_1G/eth_1G.gen/sources_1/bd/design_1/ip/design_1_zynq_ultra_ps_e_0_0/hdl/zynq_ultra_ps_e_v3_5_8.v:3892]
WARNING: [Synth 8-7071] port 'PSS_ALTO_CORE_PAD_DRAMACTN' of module 'PS8' is unconnected for instance 'PS8_i' [/home/ishfisav/Desktop/amd2025.2/2025.2/Vivado/bin/eth_1G/eth_1G.gen/sources_1/bd/design_1/ip/design_1_zynq_ultra_ps_e_0_0/hdl/zynq_ultra_ps_e_v3_5_8.v:3892]
WARNING: [Synth 8-7071] port 'PSS_ALTO_CORE_PAD_DRAMALERTN' of module 'PS8' is unconnected for instance 'PS8_i' [/home/ishfisav/Desktop/amd2025.2/2025.2/Vivado/bin/eth_1G/eth_1G.gen/sources_1/bd/design_1/ip/design_1_zynq_ultra_ps_e_0_0/hdl/zynq_ultra_ps_e_v3_5_8.v:3892]
WARNING: [Synth 8-7071] port 'PSS_ALTO_CORE_PAD_DRAMBA' of module 'PS8' is unconnected for instance 'PS8_i' [/home/ishfisav/Desktop/amd2025.2/2025.2/Vivado/bin/eth_1G/eth_1G.gen/sources_1/bd/design_1/ip/design_1_zynq_ultra_ps_e_0_0/hdl/zynq_ultra_ps_e_v3_5_8.v:3892]
WARNING: [Synth 8-7071] port 'PSS_ALTO_CORE_PAD_DRAMBG' of module 'PS8' is unconnected for instance 'PS8_i' [/home/ishfisav/Desktop/amd2025.2/2025.2/Vivado/bin/eth_1G/eth_1G.gen/sources_1/bd/design_1/ip/design_1_zynq_ultra_ps_e_0_0/hdl/zynq_ultra_ps_e_v3_5_8.v:3892]
WARNING: [Synth 8-7071] port 'PSS_ALTO_CORE_PAD_DRAMCK' of module 'PS8' is unconnected for instance 'PS8_i' [/home/ishfisav/Desktop/amd2025.2/2025.2/Vivado/bin/eth_1G/eth_1G.gen/sources_1/bd/design_1/ip/design_1_zynq_ultra_ps_e_0_0/hdl/zynq_ultra_ps_e_v3_5_8.v:3892]
WARNING: [Synth 8-7071] port 'PSS_ALTO_CORE_PAD_DRAMCKE' of module 'PS8' is unconnected for instance 'PS8_i' [/home/ishfisav/Desktop/amd2025.2/2025.2/Vivado/bin/eth_1G/eth_1G.gen/sources_1/bd/design_1/ip/design_1_zynq_ultra_ps_e_0_0/hdl/zynq_ultra_ps_e_v3_5_8.v:3892]
WARNING: [Synth 8-7071] port 'PSS_ALTO_CORE_PAD_DRAMCKN' of module 'PS8' is unconnected for instance 'PS8_i' [/home/ishfisav/Desktop/amd2025.2/2025.2/Vivado/bin/eth_1G/eth_1G.gen/sources_1/bd/design_1/ip/design_1_zynq_ultra_ps_e_0_0/hdl/zynq_ultra_ps_e_v3_5_8.v:3892]
WARNING: [Synth 8-7071] port 'PSS_ALTO_CORE_PAD_DRAMCSN' of module 'PS8' is unconnected for instance 'PS8_i' [/home/ishfisav/Desktop/amd2025.2/2025.2/Vivado/bin/eth_1G/eth_1G.gen/sources_1/bd/design_1/ip/design_1_zynq_ultra_ps_e_0_0/hdl/zynq_ultra_ps_e_v3_5_8.v:3892]
WARNING: [Synth 8-7071] port 'PSS_ALTO_CORE_PAD_DRAMDM' of module 'PS8' is unconnected for instance 'PS8_i' [/home/ishfisav/Desktop/amd2025.2/2025.2/Vivado/bin/eth_1G/eth_1G.gen/sources_1/bd/design_1/ip/design_1_zynq_ultra_ps_e_0_0/hdl/zynq_ultra_ps_e_v3_5_8.v:3892]
WARNING: [Synth 8-7071] port 'PSS_ALTO_CORE_PAD_DRAMDQ' of module 'PS8' is unconnected for instance 'PS8_i' [/home/ishfisav/Desktop/amd2025.2/2025.2/Vivado/bin/eth_1G/eth_1G.gen/sources_1/bd/design_1/ip/design_1_zynq_ultra_ps_e_0_0/hdl/zynq_ultra_ps_e_v3_5_8.v:3892]
WARNING: [Synth 8-7071] port 'PSS_ALTO_CORE_PAD_DRAMDQS' of module 'PS8' is unconnected for instance 'PS8_i' [/home/ishfisav/Desktop/amd2025.2/2025.2/Vivado/bin/eth_1G/eth_1G.gen/sources_1/bd/design_1/ip/design_1_zynq_ultra_ps_e_0_0/hdl/zynq_ultra_ps_e_v3_5_8.v:3892]
WARNING: [Synth 8-7071] port 'PSS_ALTO_CORE_PAD_DRAMDQSN' of module 'PS8' is unconnected for instance 'PS8_i' [/home/ishfisav/Desktop/amd2025.2/2025.2/Vivado/bin/eth_1G/eth_1G.gen/sources_1/bd/design_1/ip/design_1_zynq_ultra_ps_e_0_0/hdl/zynq_ultra_ps_e_v3_5_8.v:3892]
WARNING: [Synth 8-7071] port 'PSS_ALTO_CORE_PAD_DRAMODT' of module 'PS8' is unconnected for instance 'PS8_i' [/home/ishfisav/Desktop/amd2025.2/2025.2/Vivado/bin/eth_1G/eth_1G.gen/sources_1/bd/design_1/ip/design_1_zynq_ultra_ps_e_0_0/hdl/zynq_ultra_ps_e_v3_5_8.v:3892]
WARNING: [Synth 8-7071] port 'PSS_ALTO_CORE_PAD_DRAMPARITY' of module 'PS8' is unconnected for instance 'PS8_i' [/home/ishfisav/Desktop/amd2025.2/2025.2/Vivado/bin/eth_1G/eth_1G.gen/sources_1/bd/design_1/ip/design_1_zynq_ultra_ps_e_0_0/hdl/zynq_ultra_ps_e_v3_5_8.v:3892]
WARNING: [Synth 8-7071] port 'PSS_ALTO_CORE_PAD_DRAMRAMRSTN' of module 'PS8' is unconnected for instance 'PS8_i' [/home/ishfisav/Desktop/amd2025.2/2025.2/Vivado/bin/eth_1G/eth_1G.gen/sources_1/bd/design_1/ip/design_1_zynq_ultra_ps_e_0_0/hdl/zynq_ultra_ps_e_v3_5_8.v:3892]
WARNING: [Synth 8-7071] port 'PSS_ALTO_CORE_PAD_ERROROUT' of module 'PS8' is unconnected for instance 'PS8_i' [/home/ishfisav/Desktop/amd2025.2/2025.2/Vivado/bin/eth_1G/eth_1G.gen/sources_1/bd/design_1/ip/design_1_zynq_ultra_ps_e_0_0/hdl/zynq_ultra_ps_e_v3_5_8.v:3892]
WARNING: [Synth 8-7071] port 'PSS_ALTO_CORE_PAD_ERRORSTATUS' of module 'PS8' is unconnected for instance 'PS8_i' [/home/ishfisav/Desktop/amd2025.2/2025.2/Vivado/bin/eth_1G/eth_1G.gen/sources_1/bd/design_1/ip/design_1_zynq_ultra_ps_e_0_0/hdl/zynq_ultra_ps_e_v3_5_8.v:3892]
WARNING: [Synth 8-7071] port 'PSS_ALTO_CORE_PAD_INITB' of module 'PS8' is unconnected for instance 'PS8_i' [/home/ishfisav/Desktop/amd2025.2/2025.2/Vivado/bin/eth_1G/eth_1G.gen/sources_1/bd/design_1/ip/design_1_zynq_ultra_ps_e_0_0/hdl/zynq_ultra_ps_e_v3_5_8.v:3892]
WARNING: [Synth 8-7071] port 'PSS_ALTO_CORE_PAD_JTAGTCK' of module 'PS8' is unconnected for instance 'PS8_i' [/home/ishfisav/Desktop/amd2025.2/2025.2/Vivado/bin/eth_1G/eth_1G.gen/sources_1/bd/design_1/ip/design_1_zynq_ultra_ps_e_0_0/hdl/zynq_ultra_ps_e_v3_5_8.v:3892]
WARNING: [Synth 8-7071] port 'PSS_ALTO_CORE_PAD_JTAGTDI' of module 'PS8' is unconnected for instance 'PS8_i' [/home/ishfisav/Desktop/amd2025.2/2025.2/Vivado/bin/eth_1G/eth_1G.gen/sources_1/bd/design_1/ip/design_1_zynq_ultra_ps_e_0_0/hdl/zynq_ultra_ps_e_v3_5_8.v:3892]
WARNING: [Synth 8-7071] port 'PSS_ALTO_CORE_PAD_JTAGTDO' of module 'PS8' is unconnected for instance 'PS8_i' [/home/ishfisav/Desktop/amd2025.2/2025.2/Vivado/bin/eth_1G/eth_1G.gen/sources_1/bd/design_1/ip/design_1_zynq_ultra_ps_e_0_0/hdl/zynq_ultra_ps_e_v3_5_8.v:3892]
WARNING: [Synth 8-7071] port 'PSS_ALTO_CORE_PAD_JTAGTMS' of module 'PS8' is unconnected for instance 'PS8_i' [/home/ishfisav/Desktop/amd2025.2/2025.2/Vivado/bin/eth_1G/eth_1G.gen/sources_1/bd/design_1/ip/design_1_zynq_ultra_ps_e_0_0/hdl/zynq_ultra_ps_e_v3_5_8.v:3892]
WARNING: [Synth 8-7071] port 'PSS_ALTO_CORE_PAD_MIO' of module 'PS8' is unconnected for instance 'PS8_i' [/home/ishfisav/Desktop/amd2025.2/2025.2/Vivado/bin/eth_1G/eth_1G.gen/sources_1/bd/design_1/ip/design_1_zynq_ultra_ps_e_0_0/hdl/zynq_ultra_ps_e_v3_5_8.v:3892]
WARNING: [Synth 8-7071] port 'PSS_ALTO_CORE_PAD_PORB' of module 'PS8' is unconnected for instance 'PS8_i' [/home/ishfisav/Desktop/amd2025.2/2025.2/Vivado/bin/eth_1G/eth_1G.gen/sources_1/bd/design_1/ip/design_1_zynq_ultra_ps_e_0_0/hdl/zynq_ultra_ps_e_v3_5_8.v:3892]
WARNING: [Synth 8-7071] port 'PSS_ALTO_CORE_PAD_PROGB' of module 'PS8' is unconnected for instance 'PS8_i' [/home/ishfisav/Desktop/amd2025.2/2025.2/Vivado/bin/eth_1G/eth_1G.gen/sources_1/bd/design_1/ip/design_1_zynq_ultra_ps_e_0_0/hdl/zynq_ultra_ps_e_v3_5_8.v:3892]
WARNING: [Synth 8-7071] port 'PSS_ALTO_CORE_PAD_RCALIBINOUT' of module 'PS8' is unconnected for instance 'PS8_i' [/home/ishfisav/Desktop/amd2025.2/2025.2/Vivado/bin/eth_1G/eth_1G.gen/sources_1/bd/design_1/ip/design_1_zynq_ultra_ps_e_0_0/hdl/zynq_ultra_ps_e_v3_5_8.v:3892]
WARNING: [Synth 8-7071] port 'PSS_ALTO_CORE_PAD_SRSTB' of module 'PS8' is unconnected for instance 'PS8_i' [/home/ishfisav/Desktop/amd2025.2/2025.2/Vivado/bin/eth_1G/eth_1G.gen/sources_1/bd/design_1/ip/design_1_zynq_ultra_ps_e_0_0/hdl/zynq_ultra_ps_e_v3_5_8.v:3892]
WARNING: [Synth 8-7071] port 'PSS_ALTO_CORE_PAD_ZQ' of module 'PS8' is unconnected for instance 'PS8_i' [/home/ishfisav/Desktop/amd2025.2/2025.2/Vivado/bin/eth_1G/eth_1G.gen/sources_1/bd/design_1/ip/design_1_zynq_ultra_ps_e_0_0/hdl/zynq_ultra_ps_e_v3_5_8.v:3892]
WARNING: [Synth 8-7071] port 'PSS_ALTO_CORE_PAD_MGTRXN0IN' of module 'PS8' is unconnected for instance 'PS8_i' [/home/ishfisav/Desktop/amd2025.2/2025.2/Vivado/bin/eth_1G/eth_1G.gen/sources_1/bd/design_1/ip/design_1_zynq_ultra_ps_e_0_0/hdl/zynq_ultra_ps_e_v3_5_8.v:3892]
WARNING: [Synth 8-7071] port 'PSS_ALTO_CORE_PAD_MGTRXN1IN' of module 'PS8' is unconnected for instance 'PS8_i' [/home/ishfisav/Desktop/amd2025.2/2025.2/Vivado/bin/eth_1G/eth_1G.gen/sources_1/bd/design_1/ip/design_1_zynq_ultra_ps_e_0_0/hdl/zynq_ultra_ps_e_v3_5_8.v:3892]
WARNING: [Synth 8-7071] port 'PSS_ALTO_CORE_PAD_MGTRXN2IN' of module 'PS8' is unconnected for instance 'PS8_i' [/home/ishfisav/Desktop/amd2025.2/2025.2/Vivado/bin/eth_1G/eth_1G.gen/sources_1/bd/design_1/ip/design_1_zynq_ultra_ps_e_0_0/hdl/zynq_ultra_ps_e_v3_5_8.v:3892]
WARNING: [Synth 8-7071] port 'PSS_ALTO_CORE_PAD_MGTRXN3IN' of module 'PS8' is unconnected for instance 'PS8_i' [/home/ishfisav/Desktop/amd2025.2/2025.2/Vivado/bin/eth_1G/eth_1G.gen/sources_1/bd/design_1/ip/design_1_zynq_ultra_ps_e_0_0/hdl/zynq_ultra_ps_e_v3_5_8.v:3892]
WARNING: [Synth 8-7071] port 'PSS_ALTO_CORE_PAD_MGTRXP0IN' of module 'PS8' is unconnected for instance 'PS8_i' [/home/ishfisav/Desktop/amd2025.2/2025.2/Vivado/bin/eth_1G/eth_1G.gen/sources_1/bd/design_1/ip/design_1_zynq_ultra_ps_e_0_0/hdl/zynq_ultra_ps_e_v3_5_8.v:3892]
WARNING: [Synth 8-7071] port 'PSS_ALTO_CORE_PAD_MGTRXP1IN' of module 'PS8' is unconnected for instance 'PS8_i' [/home/ishfisav/Desktop/amd2025.2/2025.2/Vivado/bin/eth_1G/eth_1G.gen/sources_1/bd/design_1/ip/design_1_zynq_ultra_ps_e_0_0/hdl/zynq_ultra_ps_e_v3_5_8.v:3892]
WARNING: [Synth 8-7071] port 'PSS_ALTO_CORE_PAD_MGTRXP2IN' of module 'PS8' is unconnected for instance 'PS8_i' [/home/ishfisav/Desktop/amd2025.2/2025.2/Vivado/bin/eth_1G/eth_1G.gen/sources_1/bd/design_1/ip/design_1_zynq_ultra_ps_e_0_0/hdl/zynq_ultra_ps_e_v3_5_8.v:3892]
WARNING: [Synth 8-7071] port 'PSS_ALTO_CORE_PAD_MGTRXP3IN' of module 'PS8' is unconnected for instance 'PS8_i' [/home/ishfisav/Desktop/amd2025.2/2025.2/Vivado/bin/eth_1G/eth_1G.gen/sources_1/bd/design_1/ip/design_1_zynq_ultra_ps_e_0_0/hdl/zynq_ultra_ps_e_v3_5_8.v:3892]
WARNING: [Synth 8-7071] port 'PSS_ALTO_CORE_PAD_PADI' of module 'PS8' is unconnected for instance 'PS8_i' [/home/ishfisav/Desktop/amd2025.2/2025.2/Vivado/bin/eth_1G/eth_1G.gen/sources_1/bd/design_1/ip/design_1_zynq_ultra_ps_e_0_0/hdl/zynq_ultra_ps_e_v3_5_8.v:3892]
WARNING: [Synth 8-7071] port 'PSS_ALTO_CORE_PAD_REFN0IN' of module 'PS8' is unconnected for instance 'PS8_i' [/home/ishfisav/Desktop/amd2025.2/2025.2/Vivado/bin/eth_1G/eth_1G.gen/sources_1/bd/design_1/ip/design_1_zynq_ultra_ps_e_0_0/hdl/zynq_ultra_ps_e_v3_5_8.v:3892]
WARNING: [Synth 8-7071] port 'PSS_ALTO_CORE_PAD_REFN1IN' of module 'PS8' is unconnected for instance 'PS8_i' [/home/ishfisav/Desktop/amd2025.2/2025.2/Vivado/bin/eth_1G/eth_1G.gen/sources_1/bd/design_1/ip/design_1_zynq_ultra_ps_e_0_0/hdl/zynq_ultra_ps_e_v3_5_8.v:3892]
WARNING: [Synth 8-7071] port 'PSS_ALTO_CORE_PAD_REFN2IN' of module 'PS8' is unconnected for instance 'PS8_i' [/home/ishfisav/Desktop/amd2025.2/2025.2/Vivado/bin/eth_1G/eth_1G.gen/sources_1/bd/design_1/ip/design_1_zynq_ultra_ps_e_0_0/hdl/zynq_ultra_ps_e_v3_5_8.v:3892]
WARNING: [Synth 8-7071] port 'PSS_ALTO_CORE_PAD_REFN3IN' of module 'PS8' is unconnected for instance 'PS8_i' [/home/ishfisav/Desktop/amd2025.2/2025.2/Vivado/bin/eth_1G/eth_1G.gen/sources_1/bd/design_1/ip/design_1_zynq_ultra_ps_e_0_0/hdl/zynq_ultra_ps_e_v3_5_8.v:3892]
WARNING: [Synth 8-7071] port 'PSS_ALTO_CORE_PAD_REFP0IN' of module 'PS8' is unconnected for instance 'PS8_i' [/home/ishfisav/Desktop/amd2025.2/2025.2/Vivado/bin/eth_1G/eth_1G.gen/sources_1/bd/design_1/ip/design_1_zynq_ultra_ps_e_0_0/hdl/zynq_ultra_ps_e_v3_5_8.v:3892]
WARNING: [Synth 8-7071] port 'PSS_ALTO_CORE_PAD_REFP1IN' of module 'PS8' is unconnected for instance 'PS8_i' [/home/ishfisav/Desktop/amd2025.2/2025.2/Vivado/bin/eth_1G/eth_1G.gen/sources_1/bd/design_1/ip/design_1_zynq_ultra_ps_e_0_0/hdl/zynq_ultra_ps_e_v3_5_8.v:3892]
WARNING: [Synth 8-7071] port 'PSS_ALTO_CORE_PAD_REFP2IN' of module 'PS8' is unconnected for instance 'PS8_i' [/home/ishfisav/Desktop/amd2025.2/2025.2/Vivado/bin/eth_1G/eth_1G.gen/sources_1/bd/design_1/ip/design_1_zynq_ultra_ps_e_0_0/hdl/zynq_ultra_ps_e_v3_5_8.v:3892]
WARNING: [Synth 8-7071] port 'PSS_ALTO_CORE_PAD_REFP3IN' of module 'PS8' is unconnected for instance 'PS8_i' [/home/ishfisav/Desktop/amd2025.2/2025.2/Vivado/bin/eth_1G/eth_1G.gen/sources_1/bd/design_1/ip/design_1_zynq_ultra_ps_e_0_0/hdl/zynq_ultra_ps_e_v3_5_8.v:3892]
WARNING: [Synth 8-7023] instance 'PS8_i' of module 'PS8' has 1015 connections declared, but only 957 given [/home/ishfisav/Desktop/amd2025.2/2025.2/Vivado/bin/eth_1G/eth_1G.gen/sources_1/bd/design_1/ip/design_1_zynq_ultra_ps_e_0_0/hdl/zynq_ultra_ps_e_v3_5_8.v:3892]
INFO: [Synth 8-6155] done synthesizing module 'zynq_ultra_ps_e_v3_5_8_zynq_ultra_ps_e' (0#1) [/home/ishfisav/Desktop/amd2025.2/2025.2/Vivado/bin/eth_1G/eth_1G.gen/sources_1/bd/design_1/ip/design_1_zynq_ultra_ps_e_0_0/hdl/zynq_ultra_ps_e_v3_5_8.v:68]
INFO: [Synth 8-7071] port 'emio_enet0_signal_detect' of module 'zynq_ultra_ps_e_v3_5_8_zynq_ultra_ps_e' is unconnected for instance 'inst' [/home/ishfisav/Desktop/amd2025.2/2025.2/Vivado/bin/eth_1G/eth_1G.gen/sources_1/bd/design_1/ip/design_1_zynq_ultra_ps_e_0_0/synth/design_1_zynq_ultra_ps_e_0_0.v:371]
INFO: [Synth 8-7071] port 'emio_enet1_signal_detect' of module 'zynq_ultra_ps_e_v3_5_8_zynq_ultra_ps_e' is unconnected for instance 'inst' [/home/ishfisav/Desktop/amd2025.2/2025.2/Vivado/bin/eth_1G/eth_1G.gen/sources_1/bd/design_1/ip/design_1_zynq_ultra_ps_e_0_0/synth/design_1_zynq_ultra_ps_e_0_0.v:371]
INFO: [Synth 8-7071] port 'emio_enet2_signal_detect' of module 'zynq_ultra_ps_e_v3_5_8_zynq_ultra_ps_e' is unconnected for instance 'inst' [/home/ishfisav/Desktop/amd2025.2/2025.2/Vivado/bin/eth_1G/eth_1G.gen/sources_1/bd/design_1/ip/design_1_zynq_ultra_ps_e_0_0/synth/design_1_zynq_ultra_ps_e_0_0.v:371]
INFO: [Synth 8-7071] port 'emio_enet3_signal_detect' of module 'zynq_ultra_ps_e_v3_5_8_zynq_ultra_ps_e' is unconnected for instance 'inst' [/home/ishfisav/Desktop/amd2025.2/2025.2/Vivado/bin/eth_1G/eth_1G.gen/sources_1/bd/design_1/ip/design_1_zynq_ultra_ps_e_0_0/synth/design_1_zynq_ultra_ps_e_0_0.v:371]
INFO: [Synth 8-7023] instance 'inst' of module 'zynq_ultra_ps_e_v3_5_8_zynq_ultra_ps_e' has 1493 connections declared, but only 1489 given [/home/ishfisav/Desktop/amd2025.2/2025.2/Vivado/bin/eth_1G/eth_1G.gen/sources_1/bd/design_1/ip/design_1_zynq_ultra_ps_e_0_0/synth/design_1_zynq_ultra_ps_e_0_0.v:371]
INFO: [Synth 8-6155] done synthesizing module 'design_1_zynq_ultra_ps_e_0_0' (0#1) [/home/ishfisav/Desktop/amd2025.2/2025.2/Vivado/bin/eth_1G/eth_1G.gen/sources_1/bd/design_1/ip/design_1_zynq_ultra_ps_e_0_0/synth/design_1_zynq_ultra_ps_e_0_0.v:53]
WARNING: [Synth 8-7071] port 'maxigp0_awid' of module 'design_1_zynq_ultra_ps_e_0_0' is unconnected for instance 'zynq_ultra_ps_e_0' [/home/ishfisav/Desktop/amd2025.2/2025.2/Vivado/bin/eth_1G/eth_1G.gen/sources_1/bd/design_1/synth/design_1.v:19]
WARNING: [Synth 8-7071] port 'maxigp0_awaddr' of module 'design_1_zynq_ultra_ps_e_0_0' is unconnected for instance 'zynq_ultra_ps_e_0' [/home/ishfisav/Desktop/amd2025.2/2025.2/Vivado/bin/eth_1G/eth_1G.gen/sources_1/bd/design_1/synth/design_1.v:19]
WARNING: [Synth 8-7071] port 'maxigp0_awlen' of module 'design_1_zynq_ultra_ps_e_0_0' is unconnected for instance 'zynq_ultra_ps_e_0' [/home/ishfisav/Desktop/amd2025.2/2025.2/Vivado/bin/eth_1G/eth_1G.gen/sources_1/bd/design_1/synth/design_1.v:19]
WARNING: [Synth 8-7071] port 'maxigp0_awsize' of module 'design_1_zynq_ultra_ps_e_0_0' is unconnected for instance 'zynq_ultra_ps_e_0' [/home/ishfisav/Desktop/amd2025.2/2025.2/Vivado/bin/eth_1G/eth_1G.gen/sources_1/bd/design_1/synth/design_1.v:19]
WARNING: [Synth 8-7071] port 'maxigp0_awburst' of module 'design_1_zynq_ultra_ps_e_0_0' is unconnected for instance 'zynq_ultra_ps_e_0' [/home/ishfisav/Desktop/amd2025.2/2025.2/Vivado/bin/eth_1G/eth_1G.gen/sources_1/bd/design_1/synth/design_1.v:19]
WARNING: [Synth 8-7071] port 'maxigp0_awlock' of module 'design_1_zynq_ultra_ps_e_0_0' is unconnected for instance 'zynq_ultra_ps_e_0' [/home/ishfisav/Desktop/amd2025.2/2025.2/Vivado/bin/eth_1G/eth_1G.gen/sources_1/bd/design_1/synth/design_1.v:19]
WARNING: [Synth 8-7071] port 'maxigp0_awcache' of module 'design_1_zynq_ultra_ps_e_0_0' is unconnected for instance 'zynq_ultra_ps_e_0' [/home/ishfisav/Desktop/amd2025.2/2025.2/Vivado/bin/eth_1G/eth_1G.gen/sources_1/bd/design_1/synth/design_1.v:19]
WARNING: [Synth 8-7071] port 'maxigp0_awprot' of module 'design_1_zynq_ultra_ps_e_0_0' is unconnected for instance 'zynq_ultra_ps_e_0' [/home/ishfisav/Desktop/amd2025.2/2025.2/Vivado/bin/eth_1G/eth_1G.gen/sources_1/bd/design_1/synth/design_1.v:19]
WARNING: [Synth 8-7071] port 'maxigp0_awvalid' of module 'design_1_zynq_ultra_ps_e_0_0' is unconnected for instance 'zynq_ultra_ps_e_0' [/home/ishfisav/Desktop/amd2025.2/2025.2/Vivado/bin/eth_1G/eth_1G.gen/sources_1/bd/design_1/synth/design_1.v:19]
WARNING: [Synth 8-7071] port 'maxigp0_awuser' of module 'design_1_zynq_ultra_ps_e_0_0' is unconnected for instance 'zynq_ultra_ps_e_0' [/home/ishfisav/Desktop/amd2025.2/2025.2/Vivado/bin/eth_1G/eth_1G.gen/sources_1/bd/design_1/synth/design_1.v:19]
WARNING: [Synth 8-7071] port 'maxigp0_wdata' of module 'design_1_zynq_ultra_ps_e_0_0' is unconnected for instance 'zynq_ultra_ps_e_0' [/home/ishfisav/Desktop/amd2025.2/2025.2/Vivado/bin/eth_1G/eth_1G.gen/sources_1/bd/design_1/synth/design_1.v:19]
WARNING: [Synth 8-7071] port 'maxigp0_wstrb' of module 'design_1_zynq_ultra_ps_e_0_0' is unconnected for instance 'zynq_ultra_ps_e_0' [/home/ishfisav/Desktop/amd2025.2/2025.2/Vivado/bin/eth_1G/eth_1G.gen/sources_1/bd/design_1/synth/design_1.v:19]
WARNING: [Synth 8-7071] port 'maxigp0_wlast' of module 'design_1_zynq_ultra_ps_e_0_0' is unconnected for instance 'zynq_ultra_ps_e_0' [/home/ishfisav/Desktop/amd2025.2/2025.2/Vivado/bin/eth_1G/eth_1G.gen/sources_1/bd/design_1/synth/design_1.v:19]
WARNING: [Synth 8-7071] port 'maxigp0_wvalid' of module 'design_1_zynq_ultra_ps_e_0_0' is unconnected for instance 'zynq_ultra_ps_e_0' [/home/ishfisav/Desktop/amd2025.2/2025.2/Vivado/bin/eth_1G/eth_1G.gen/sources_1/bd/design_1/synth/design_1.v:19]
WARNING: [Synth 8-7071] port 'maxigp0_bready' of module 'design_1_zynq_ultra_ps_e_0_0' is unconnected for instance 'zynq_ultra_ps_e_0' [/home/ishfisav/Desktop/amd2025.2/2025.2/Vivado/bin/eth_1G/eth_1G.gen/sources_1/bd/design_1/synth/design_1.v:19]
WARNING: [Synth 8-7071] port 'maxigp0_arid' of module 'design_1_zynq_ultra_ps_e_0_0' is unconnected for instance 'zynq_ultra_ps_e_0' [/home/ishfisav/Desktop/amd2025.2/2025.2/Vivado/bin/eth_1G/eth_1G.gen/sources_1/bd/design_1/synth/design_1.v:19]
WARNING: [Synth 8-7071] port 'maxigp0_araddr' of module 'design_1_zynq_ultra_ps_e_0_0' is unconnected for instance 'zynq_ultra_ps_e_0' [/home/ishfisav/Desktop/amd2025.2/2025.2/Vivado/bin/eth_1G/eth_1G.gen/sources_1/bd/design_1/synth/design_1.v:19]
WARNING: [Synth 8-7071] port 'maxigp0_arlen' of module 'design_1_zynq_ultra_ps_e_0_0' is unconnected for instance 'zynq_ultra_ps_e_0' [/home/ishfisav/Desktop/amd2025.2/2025.2/Vivado/bin/eth_1G/eth_1G.gen/sources_1/bd/design_1/synth/design_1.v:19]
WARNING: [Synth 8-7071] port 'maxigp0_arsize' of module 'design_1_zynq_ultra_ps_e_0_0' is unconnected for instance 'zynq_ultra_ps_e_0' [/home/ishfisav/Desktop/amd2025.2/2025.2/Vivado/bin/eth_1G/eth_1G.gen/sources_1/bd/design_1/synth/design_1.v:19]
WARNING: [Synth 8-7071] port 'maxigp0_arburst' of module 'design_1_zynq_ultra_ps_e_0_0' is unconnected for instance 'zynq_ultra_ps_e_0' [/home/ishfisav/Desktop/amd2025.2/2025.2/Vivado/bin/eth_1G/eth_1G.gen/sources_1/bd/design_1/synth/design_1.v:19]
WARNING: [Synth 8-7071] port 'maxigp0_arlock' of module 'design_1_zynq_ultra_ps_e_0_0' is unconnected for instance 'zynq_ultra_ps_e_0' [/home/ishfisav/Desktop/amd2025.2/2025.2/Vivado/bin/eth_1G/eth_1G.gen/sources_1/bd/design_1/synth/design_1.v:19]
WARNING: [Synth 8-7071] port 'maxigp0_arcache' of module 'design_1_zynq_ultra_ps_e_0_0' is unconnected for instance 'zynq_ultra_ps_e_0' [/home/ishfisav/Desktop/amd2025.2/2025.2/Vivado/bin/eth_1G/eth_1G.gen/sources_1/bd/design_1/synth/design_1.v:19]
WARNING: [Synth 8-7071] port 'maxigp0_arprot' of module 'design_1_zynq_ultra_ps_e_0_0' is unconnected for instance 'zynq_ultra_ps_e_0' [/home/ishfisav/Desktop/amd2025.2/2025.2/Vivado/bin/eth_1G/eth_1G.gen/sources_1/bd/design_1/synth/design_1.v:19]
WARNING: [Synth 8-7071] port 'maxigp0_arvalid' of module 'design_1_zynq_ultra_ps_e_0_0' is unconnected for instance 'zynq_ultra_ps_e_0' [/home/ishfisav/Desktop/amd2025.2/2025.2/Vivado/bin/eth_1G/eth_1G.gen/sources_1/bd/design_1/synth/design_1.v:19]
WARNING: [Synth 8-7071] port 'maxigp0_aruser' of module 'design_1_zynq_ultra_ps_e_0_0' is unconnected for instance 'zynq_ultra_ps_e_0' [/home/ishfisav/Desktop/amd2025.2/2025.2/Vivado/bin/eth_1G/eth_1G.gen/sources_1/bd/design_1/synth/design_1.v:19]
WARNING: [Synth 8-7071] port 'maxigp0_rready' of module 'design_1_zynq_ultra_ps_e_0_0' is unconnected for instance 'zynq_ultra_ps_e_0' [/home/ishfisav/Desktop/amd2025.2/2025.2/Vivado/bin/eth_1G/eth_1G.gen/sources_1/bd/design_1/synth/design_1.v:19]
WARNING: [Synth 8-7071] port 'maxigp0_awqos' of module 'design_1_zynq_ultra_ps_e_0_0' is unconnected for instance 'zynq_ultra_ps_e_0' [/home/ishfisav/Desktop/amd2025.2/2025.2/Vivado/bin/eth_1G/eth_1G.gen/sources_1/bd/design_1/synth/design_1.v:19]
WARNING: [Synth 8-7071] port 'maxigp0_arqos' of module 'design_1_zynq_ultra_ps_e_0_0' is unconnected for instance 'zynq_ultra_ps_e_0' [/home/ishfisav/Desktop/amd2025.2/2025.2/Vivado/bin/eth_1G/eth_1G.gen/sources_1/bd/design_1/synth/design_1.v:19]
WARNING: [Synth 8-7071] port 'maxigp1_awid' of module 'design_1_zynq_ultra_ps_e_0_0' is unconnected for instance 'zynq_ultra_ps_e_0' [/home/ishfisav/Desktop/amd2025.2/2025.2/Vivado/bin/eth_1G/eth_1G.gen/sources_1/bd/design_1/synth/design_1.v:19]
WARNING: [Synth 8-7071] port 'maxigp1_awaddr' of module 'design_1_zynq_ultra_ps_e_0_0' is unconnected for instance 'zynq_ultra_ps_e_0' [/home/ishfisav/Desktop/amd2025.2/2025.2/Vivado/bin/eth_1G/eth_1G.gen/sources_1/bd/design_1/synth/design_1.v:19]
WARNING: [Synth 8-7071] port 'maxigp1_awlen' of module 'design_1_zynq_ultra_ps_e_0_0' is unconnected for instance 'zynq_ultra_ps_e_0' [/home/ishfisav/Desktop/amd2025.2/2025.2/Vivado/bin/eth_1G/eth_1G.gen/sources_1/bd/design_1/synth/design_1.v:19]
WARNING: [Synth 8-7071] port 'maxigp1_awsize' of module 'design_1_zynq_ultra_ps_e_0_0' is unconnected for instance 'zynq_ultra_ps_e_0' [/home/ishfisav/Desktop/amd2025.2/2025.2/Vivado/bin/eth_1G/eth_1G.gen/sources_1/bd/design_1/synth/design_1.v:19]
WARNING: [Synth 8-7071] port 'maxigp1_awburst' of module 'design_1_zynq_ultra_ps_e_0_0' is unconnected for instance 'zynq_ultra_ps_e_0' [/home/ishfisav/Desktop/amd2025.2/2025.2/Vivado/bin/eth_1G/eth_1G.gen/sources_1/bd/design_1/synth/design_1.v:19]
WARNING: [Synth 8-7071] port 'maxigp1_awlock' of module 'design_1_zynq_ultra_ps_e_0_0' is unconnected for instance 'zynq_ultra_ps_e_0' [/home/ishfisav/Desktop/amd2025.2/2025.2/Vivado/bin/eth_1G/eth_1G.gen/sources_1/bd/design_1/synth/design_1.v:19]
WARNING: [Synth 8-7071] port 'maxigp1_awcache' of module 'design_1_zynq_ultra_ps_e_0_0' is unconnected for instance 'zynq_ultra_ps_e_0' [/home/ishfisav/Desktop/amd2025.2/2025.2/Vivado/bin/eth_1G/eth_1G.gen/sources_1/bd/design_1/synth/design_1.v:19]
WARNING: [Synth 8-7071] port 'maxigp1_awprot' of module 'design_1_zynq_ultra_ps_e_0_0' is unconnected for instance 'zynq_ultra_ps_e_0' [/home/ishfisav/Desktop/amd2025.2/2025.2/Vivado/bin/eth_1G/eth_1G.gen/sources_1/bd/design_1/synth/design_1.v:19]
WARNING: [Synth 8-7071] port 'maxigp1_awvalid' of module 'design_1_zynq_ultra_ps_e_0_0' is unconnected for instance 'zynq_ultra_ps_e_0' [/home/ishfisav/Desktop/amd2025.2/2025.2/Vivado/bin/eth_1G/eth_1G.gen/sources_1/bd/design_1/synth/design_1.v:19]
WARNING: [Synth 8-7071] port 'maxigp1_awuser' of module 'design_1_zynq_ultra_ps_e_0_0' is unconnected for instance 'zynq_ultra_ps_e_0' [/home/ishfisav/Desktop/amd2025.2/2025.2/Vivado/bin/eth_1G/eth_1G.gen/sources_1/bd/design_1/synth/design_1.v:19]
INFO: [Common 17-14] Message 'Synth 8-7071' appears 100 times and further instances of the messages will be disabled. Use the Tcl command set_msg_config to change the current settings.
WARNING: [Synth 8-7023] instance 'zynq_ultra_ps_e_0' of module 'design_1_zynq_ultra_ps_e_0_0' has 84 connections declared, but only 26 given [/home/ishfisav/Desktop/amd2025.2/2025.2/Vivado/bin/eth_1G/eth_1G.gen/sources_1/bd/design_1/synth/design_1.v:19]
INFO: [Synth 8-6155] done synthesizing module 'design_1' (0#1) [/home/ishfisav/Desktop/amd2025.2/2025.2/Vivado/bin/eth_1G/eth_1G.gen/sources_1/bd/design_1/synth/design_1.v:13]
INFO: [Synth 8-6155] done synthesizing module 'design_1_wrapper' (0#1) [/home/ishfisav/Desktop/amd2025.2/2025.2/Vivado/bin/eth_1G/eth_1G.gen/sources_1/bd/design_1/hdl/design_1_wrapper.v:13]
WARNING: [Synth 8-3848] Net dp_audio_ref_clk in module/entity zynq_ultra_ps_e_v3_5_8_zynq_ultra_ps_e does not have driver. [/home/ishfisav/Desktop/amd2025.2/2025.2/Vivado/bin/eth_1G/eth_1G.gen/sources_1/bd/design_1/ip/design_1_zynq_ultra_ps_e_0_0/hdl/zynq_ultra_ps_e_v3_5_8.v:386]
WARNING: [Synth 8-3848] Net irq_ipi_pl_0 in module/entity zynq_ultra_ps_e_v3_5_8_zynq_ultra_ps_e does not have driver. [/home/ishfisav/Desktop/amd2025.2/2025.2/Vivado/bin/eth_1G/eth_1G.gen/sources_1/bd/design_1/ip/design_1_zynq_ultra_ps_e_0_0/hdl/zynq_ultra_ps_e_v3_5_8.v:1406]
WARNING: [Synth 8-3848] Net irq_ipi_pl_1 in module/entity zynq_ultra_ps_e_v3_5_8_zynq_ultra_ps_e does not have driver. [/home/ishfisav/Desktop/amd2025.2/2025.2/Vivado/bin/eth_1G/eth_1G.gen/sources_1/bd/design_1/ip/design_1_zynq_ultra_ps_e_0_0/hdl/zynq_ultra_ps_e_v3_5_8.v:1407]
WARNING: [Synth 8-3848] Net irq_ipi_pl_2 in module/entity zynq_ultra_ps_e_v3_5_8_zynq_ultra_ps_e does not have driver. [/home/ishfisav/Desktop/amd2025.2/2025.2/Vivado/bin/eth_1G/eth_1G.gen/sources_1/bd/design_1/ip/design_1_zynq_ultra_ps_e_0_0/hdl/zynq_ultra_ps_e_v3_5_8.v:1408]
WARNING: [Synth 8-3848] Net irq_ipi_pl_3 in module/entity zynq_ultra_ps_e_v3_5_8_zynq_ultra_ps_e does not have driver. [/home/ishfisav/Desktop/amd2025.2/2025.2/Vivado/bin/eth_1G/eth_1G.gen/sources_1/bd/design_1/ip/design_1_zynq_ultra_ps_e_0_0/hdl/zynq_ultra_ps_e_v3_5_8.v:1409]
WARNING: [Synth 8-3848] Net ps_pl_irq_usb3_0_otg in module/entity zynq_ultra_ps_e_v3_5_8_zynq_ultra_ps_e does not have driver. [/home/ishfisav/Desktop/amd2025.2/2025.2/Vivado/bin/eth_1G/eth_1G.gen/sources_1/bd/design_1/ip/design_1_zynq_ultra_ps_e_0_0/hdl/zynq_ultra_ps_e_v3_5_8.v:1481]
WARNING: [Synth 8-3848] Net ps_pl_irq_usb3_1_otg in module/entity zynq_ultra_ps_e_v3_5_8_zynq_ultra_ps_e does not have driver. [/home/ishfisav/Desktop/amd2025.2/2025.2/Vivado/bin/eth_1G/eth_1G.gen/sources_1/bd/design_1/ip/design_1_zynq_ultra_ps_e_0_0/hdl/zynq_ultra_ps_e_v3_5_8.v:1483]
WARNING: [Synth 8-7129] Port dp_audio_ref_clk in module zynq_ultra_ps_e_v3_5_8_zynq_ultra_ps_e is either unconnected or has no load
WARNING: [Synth 8-7129] Port irq_ipi_pl_0 in module zynq_ultra_ps_e_v3_5_8_zynq_ultra_ps_e is either unconnected or has no load
WARNING: [Synth 8-7129] Port irq_ipi_pl_1 in module zynq_ultra_ps_e_v3_5_8_zynq_ultra_ps_e is either unconnected or has no load
WARNING: [Synth 8-7129] Port irq_ipi_pl_2 in module zynq_ultra_ps_e_v3_5_8_zynq_ultra_ps_e is either unconnected or has no load
WARNING: [Synth 8-7129] Port irq_ipi_pl_3 in module zynq_ultra_ps_e_v3_5_8_zynq_ultra_ps_e is either unconnected or has no load
WARNING: [Synth 8-7129] Port ps_pl_irq_usb3_0_otg in module zynq_ultra_ps_e_v3_5_8_zynq_ultra_ps_e is either unconnected or has no load
WARNING: [Synth 8-7129] Port ps_pl_irq_usb3_1_otg in module zynq_ultra_ps_e_v3_5_8_zynq_ultra_ps_e is either unconnected or has no load
WARNING: [Synth 8-7129] Port saxihpc0_fpd_rclk in module zynq_ultra_ps_e_v3_5_8_zynq_ultra_ps_e is either unconnected or has no load
WARNING: [Synth 8-7129] Port saxihpc0_fpd_wclk in module zynq_ultra_ps_e_v3_5_8_zynq_ultra_ps_e is either unconnected or has no load
WARNING: [Synth 8-7129] Port saxihpc1_fpd_rclk in module zynq_ultra_ps_e_v3_5_8_zynq_ultra_ps_e is either unconnected or has no load
WARNING: [Synth 8-7129] Port saxihpc1_fpd_wclk in module zynq_ultra_ps_e_v3_5_8_zynq_ultra_ps_e is either unconnected or has no load
WARNING: [Synth 8-7129] Port saxihp0_fpd_rclk in module zynq_ultra_ps_e_v3_5_8_zynq_ultra_ps_e is either unconnected or has no load
WARNING: [Synth 8-7129] Port saxihp0_fpd_wclk in module zynq_ultra_ps_e_v3_5_8_zynq_ultra_ps_e is either unconnected or has no load
WARNING: [Synth 8-7129] Port saxihp1_fpd_rclk in module zynq_ultra_ps_e_v3_5_8_zynq_ultra_ps_e is either unconnected or has no load
WARNING: [Synth 8-7129] Port saxihp1_fpd_wclk in module zynq_ultra_ps_e_v3_5_8_zynq_ultra_ps_e is either unconnected or has no load
WARNING: [Synth 8-7129] Port saxihp2_fpd_rclk in module zynq_ultra_ps_e_v3_5_8_zynq_ultra_ps_e is either unconnected or has no load
WARNING: [Synth 8-7129] Port saxihp2_fpd_wclk in module zynq_ultra_ps_e_v3_5_8_zynq_ultra_ps_e is either unconnected or has no load
WARNING: [Synth 8-7129] Port saxihp3_fpd_rclk in module zynq_ultra_ps_e_v3_5_8_zynq_ultra_ps_e is either unconnected or has no load
WARNING: [Synth 8-7129] Port saxihp3_fpd_wclk in module zynq_ultra_ps_e_v3_5_8_zynq_ultra_ps_e is either unconnected or has no load
WARNING: [Synth 8-7129] Port saxi_lpd_rclk in module zynq_ultra_ps_e_v3_5_8_zynq_ultra_ps_e is either unconnected or has no load
WARNING: [Synth 8-7129] Port saxi_lpd_wclk in module zynq_ultra_ps_e_v3_5_8_zynq_ultra_ps_e is either unconnected or has no load
WARNING: [Synth 8-7129] Port sacefpd_awuser[15] in module zynq_ultra_ps_e_v3_5_8_zynq_ultra_ps_e is either unconnected or has no load
WARNING: [Synth 8-7129] Port sacefpd_awuser[14] in module zynq_ultra_ps_e_v3_5_8_zynq_ultra_ps_e is either unconnected or has no load
WARNING: [Synth 8-7129] Port sacefpd_awuser[13] in module zynq_ultra_ps_e_v3_5_8_zynq_ultra_ps_e is either unconnected or has no load
WARNING: [Synth 8-7129] Port sacefpd_awuser[12] in module zynq_ultra_ps_e_v3_5_8_zynq_ultra_ps_e is either unconnected or has no load
WARNING: [Synth 8-7129] Port sacefpd_awuser[11] in module zynq_ultra_ps_e_v3_5_8_zynq_ultra_ps_e is either unconnected or has no load
WARNING: [Synth 8-7129] Port sacefpd_awuser[10] in module zynq_ultra_ps_e_v3_5_8_zynq_ultra_ps_e is either unconnected or has no load
WARNING: [Synth 8-7129] Port sacefpd_awuser[9] in module zynq_ultra_ps_e_v3_5_8_zynq_ultra_ps_e is either unconnected or has no load
WARNING: [Synth 8-7129] Port sacefpd_awuser[8] in module zynq_ultra_ps_e_v3_5_8_zynq_ultra_ps_e is either unconnected or has no load
WARNING: [Synth 8-7129] Port sacefpd_awuser[7] in module zynq_ultra_ps_e_v3_5_8_zynq_ultra_ps_e is either unconnected or has no load
WARNING: [Synth 8-7129] Port sacefpd_awuser[6] in module zynq_ultra_ps_e_v3_5_8_zynq_ultra_ps_e is either unconnected or has no load
WARNING: [Synth 8-7129] Port sacefpd_aruser[15] in module zynq_ultra_ps_e_v3_5_8_zynq_ultra_ps_e is either unconnected or has no load
WARNING: [Synth 8-7129] Port sacefpd_aruser[14] in module zynq_ultra_ps_e_v3_5_8_zynq_ultra_ps_e is either unconnected or has no load
WARNING: [Synth 8-7129] Port sacefpd_aruser[13] in module zynq_ultra_ps_e_v3_5_8_zynq_ultra_ps_e is either unconnected or has no load
WARNING: [Synth 8-7129] Port sacefpd_aruser[12] in module zynq_ultra_ps_e_v3_5_8_zynq_ultra_ps_e is either unconnected or has no load
WARNING: [Synth 8-7129] Port sacefpd_aruser[11] in module zynq_ultra_ps_e_v3_5_8_zynq_ultra_ps_e is either unconnected or has no load
WARNING: [Synth 8-7129] Port sacefpd_aruser[10] in module zynq_ultra_ps_e_v3_5_8_zynq_ultra_ps_e is either unconnected or has no load
WARNING: [Synth 8-7129] Port sacefpd_aruser[9] in module zynq_ultra_ps_e_v3_5_8_zynq_ultra_ps_e is either unconnected or has no load
WARNING: [Synth 8-7129] Port sacefpd_aruser[8] in module zynq_ultra_ps_e_v3_5_8_zynq_ultra_ps_e is either unconnected or has no load
WARNING: [Synth 8-7129] Port sacefpd_aruser[7] in module zynq_ultra_ps_e_v3_5_8_zynq_ultra_ps_e is either unconnected or has no load
WARNING: [Synth 8-7129] Port sacefpd_aruser[6] in module zynq_ultra_ps_e_v3_5_8_zynq_ultra_ps_e is either unconnected or has no load
WARNING: [Synth 8-7129] Port test_adc_clk[3] in module zynq_ultra_ps_e_v3_5_8_zynq_ultra_ps_e is either unconnected or has no load
WARNING: [Synth 8-7129] Port test_adc_clk[2] in module zynq_ultra_ps_e_v3_5_8_zynq_ultra_ps_e is either unconnected or has no load
WARNING: [Synth 8-7129] Port test_adc_clk[1] in module zynq_ultra_ps_e_v3_5_8_zynq_ultra_ps_e is either unconnected or has no load
WARNING: [Synth 8-7129] Port test_adc_clk[0] in module zynq_ultra_ps_e_v3_5_8_zynq_ultra_ps_e is either unconnected or has no load
WARNING: [Synth 8-7129] Port test_adc_in[31] in module zynq_ultra_ps_e_v3_5_8_zynq_ultra_ps_e is either unconnected or has no load
WARNING: [Synth 8-7129] Port test_adc_in[30] in module zynq_ultra_ps_e_v3_5_8_zynq_ultra_ps_e is either unconnected or has no load
WARNING: [Synth 8-7129] Port test_adc_in[29] in module zynq_ultra_ps_e_v3_5_8_zynq_ultra_ps_e is either unconnected or has no load
WARNING: [Synth 8-7129] Port test_adc_in[28] in module zynq_ultra_ps_e_v3_5_8_zynq_ultra_ps_e is either unconnected or has no load
WARNING: [Synth 8-7129] Port test_adc_in[27] in module zynq_ultra_ps_e_v3_5_8_zynq_ultra_ps_e is either unconnected or has no load
WARNING: [Synth 8-7129] Port test_adc_in[26] in module zynq_ultra_ps_e_v3_5_8_zynq_ultra_ps_e is either unconnected or has no load
WARNING: [Synth 8-7129] Port test_adc_in[25] in module zynq_ultra_ps_e_v3_5_8_zynq_ultra_ps_e is either unconnected or has no load
WARNING: [Synth 8-7129] Port test_adc_in[24] in module zynq_ultra_ps_e_v3_5_8_zynq_ultra_ps_e is either unconnected or has no load
WARNING: [Synth 8-7129] Port test_adc_in[23] in module zynq_ultra_ps_e_v3_5_8_zynq_ultra_ps_e is either unconnected or has no load
WARNING: [Synth 8-7129] Port test_adc_in[22] in module zynq_ultra_ps_e_v3_5_8_zynq_ultra_ps_e is either unconnected or has no load
WARNING: [Synth 8-7129] Port test_adc_in[21] in module zynq_ultra_ps_e_v3_5_8_zynq_ultra_ps_e is either unconnected or has no load
WARNING: [Synth 8-7129] Port test_adc_in[20] in module zynq_ultra_ps_e_v3_5_8_zynq_ultra_ps_e is either unconnected or has no load
WARNING: [Synth 8-7129] Port test_adc_in[19] in module zynq_ultra_ps_e_v3_5_8_zynq_ultra_ps_e is either unconnected or has no load
WARNING: [Synth 8-7129] Port test_adc_in[18] in module zynq_ultra_ps_e_v3_5_8_zynq_ultra_ps_e is either unconnected or has no load
WARNING: [Synth 8-7129] Port test_adc_in[17] in module zynq_ultra_ps_e_v3_5_8_zynq_ultra_ps_e is either unconnected or has no load
WARNING: [Synth 8-7129] Port test_adc_in[16] in module zynq_ultra_ps_e_v3_5_8_zynq_ultra_ps_e is either unconnected or has no load
WARNING: [Synth 8-7129] Port test_adc_in[15] in module zynq_ultra_ps_e_v3_5_8_zynq_ultra_ps_e is either unconnected or has no load
WARNING: [Synth 8-7129] Port test_adc_in[14] in module zynq_ultra_ps_e_v3_5_8_zynq_ultra_ps_e is either unconnected or has no load
WARNING: [Synth 8-7129] Port test_adc_in[13] in module zynq_ultra_ps_e_v3_5_8_zynq_ultra_ps_e is either unconnected or has no load
WARNING: [Synth 8-7129] Port test_adc_in[12] in module zynq_ultra_ps_e_v3_5_8_zynq_ultra_ps_e is either unconnected or has no load
WARNING: [Synth 8-7129] Port test_adc_in[11] in module zynq_ultra_ps_e_v3_5_8_zynq_ultra_ps_e is either unconnected or has no load
WARNING: [Synth 8-7129] Port test_adc_in[10] in module zynq_ultra_ps_e_v3_5_8_zynq_ultra_ps_e is either unconnected or has no load
WARNING: [Synth 8-7129] Port test_adc_in[9] in module zynq_ultra_ps_e_v3_5_8_zynq_ultra_ps_e is either unconnected or has no load
WARNING: [Synth 8-7129] Port test_adc_in[8] in module zynq_ultra_ps_e_v3_5_8_zynq_ultra_ps_e is either unconnected or has no load
WARNING: [Synth 8-7129] Port test_adc_in[7] in module zynq_ultra_ps_e_v3_5_8_zynq_ultra_ps_e is either unconnected or has no load
WARNING: [Synth 8-7129] Port test_adc_in[6] in module zynq_ultra_ps_e_v3_5_8_zynq_ultra_ps_e is either unconnected or has no load
WARNING: [Synth 8-7129] Port test_adc_in[5] in module zynq_ultra_ps_e_v3_5_8_zynq_ultra_ps_e is either unconnected or has no load
WARNING: [Synth 8-7129] Port test_adc_in[4] in module zynq_ultra_ps_e_v3_5_8_zynq_ultra_ps_e is either unconnected or has no load
WARNING: [Synth 8-7129] Port test_adc_in[3] in module zynq_ultra_ps_e_v3_5_8_zynq_ultra_ps_e is either unconnected or has no load
WARNING: [Synth 8-7129] Port test_adc_in[2] in module zynq_ultra_ps_e_v3_5_8_zynq_ultra_ps_e is either unconnected or has no load
WARNING: [Synth 8-7129] Port test_adc_in[1] in module zynq_ultra_ps_e_v3_5_8_zynq_ultra_ps_e is either unconnected or has no load
WARNING: [Synth 8-7129] Port test_adc_in[0] in module zynq_ultra_ps_e_v3_5_8_zynq_ultra_ps_e is either unconnected or has no load
WARNING: [Synth 8-7129] Port test_adc2_in[31] in module zynq_ultra_ps_e_v3_5_8_zynq_ultra_ps_e is either unconnected or has no load
WARNING: [Synth 8-7129] Port test_adc2_in[30] in module zynq_ultra_ps_e_v3_5_8_zynq_ultra_ps_e is either unconnected or has no load
WARNING: [Synth 8-7129] Port test_adc2_in[29] in module zynq_ultra_ps_e_v3_5_8_zynq_ultra_ps_e is either unconnected or has no load
WARNING: [Synth 8-7129] Port test_adc2_in[28] in module zynq_ultra_ps_e_v3_5_8_zynq_ultra_ps_e is either unconnected or has no load
WARNING: [Synth 8-7129] Port test_adc2_in[27] in module zynq_ultra_ps_e_v3_5_8_zynq_ultra_ps_e is either unconnected or has no load
WARNING: [Synth 8-7129] Port test_adc2_in[26] in module zynq_ultra_ps_e_v3_5_8_zynq_ultra_ps_e is either unconnected or has no load
WARNING: [Synth 8-7129] Port test_adc2_in[25] in module zynq_ultra_ps_e_v3_5_8_zynq_ultra_ps_e is either unconnected or has no load
WARNING: [Synth 8-7129] Port test_adc2_in[24] in module zynq_ultra_ps_e_v3_5_8_zynq_ultra_ps_e is either unconnected or has no load
WARNING: [Synth 8-7129] Port test_adc2_in[23] in module zynq_ultra_ps_e_v3_5_8_zynq_ultra_ps_e is either unconnected or has no load
WARNING: [Synth 8-7129] Port test_adc2_in[22] in module zynq_ultra_ps_e_v3_5_8_zynq_ultra_ps_e is either unconnected or has no load
WARNING: [Synth 8-7129] Port test_adc2_in[21] in module zynq_ultra_ps_e_v3_5_8_zynq_ultra_ps_e is either unconnected or has no load
WARNING: [Synth 8-7129] Port test_adc2_in[20] in module zynq_ultra_ps_e_v3_5_8_zynq_ultra_ps_e is either unconnected or has no load
WARNING: [Synth 8-7129] Port test_adc2_in[19] in module zynq_ultra_ps_e_v3_5_8_zynq_ultra_ps_e is either unconnected or has no load
WARNING: [Synth 8-7129] Port test_adc2_in[18] in module zynq_ultra_ps_e_v3_5_8_zynq_ultra_ps_e is either unconnected or has no load
WARNING: [Synth 8-7129] Port test_adc2_in[17] in module zynq_ultra_ps_e_v3_5_8_zynq_ultra_ps_e is either unconnected or has no load
WARNING: [Synth 8-7129] Port test_adc2_in[16] in module zynq_ultra_ps_e_v3_5_8_zynq_ultra_ps_e is either unconnected or has no load
WARNING: [Synth 8-7129] Port test_adc2_in[15] in module zynq_ultra_ps_e_v3_5_8_zynq_ultra_ps_e is either unconnected or has no load
WARNING: [Synth 8-7129] Port test_adc2_in[14] in module zynq_ultra_ps_e_v3_5_8_zynq_ultra_ps_e is either unconnected or has no load
WARNING: [Synth 8-7129] Port test_adc2_in[13] in module zynq_ultra_ps_e_v3_5_8_zynq_ultra_ps_e is either unconnected or has no load
WARNING: [Synth 8-7129] Port test_adc2_in[12] in module zynq_ultra_ps_e_v3_5_8_zynq_ultra_ps_e is either unconnected or has no load
WARNING: [Synth 8-7129] Port test_adc2_in[11] in module zynq_ultra_ps_e_v3_5_8_zynq_ultra_ps_e is either unconnected or has no load
WARNING: [Synth 8-7129] Port test_adc2_in[10] in module zynq_ultra_ps_e_v3_5_8_zynq_ultra_ps_e is either unconnected or has no load
WARNING: [Synth 8-7129] Port test_adc2_in[9] in module zynq_ultra_ps_e_v3_5_8_zynq_ultra_ps_e is either unconnected or has no load
INFO: [Common 17-14] Message 'Synth 8-7129' appears 100 times and further instances of the messages will be disabled. Use the Tcl command set_msg_config to change the current settings.
---------------------------------------------------------------------------------
Finished RTL Elaboration : Time (s): cpu = 00:00:04 ; elapsed = 00:00:04 . Memory (MB): peak = 2946.930 ; gain = 238.625 ; free physical = 11468 ; free virtual = 120272
---------------------------------------------------------------------------------
---------------------------------------------------------------------------------
Start Handling Custom Attributes
---------------------------------------------------------------------------------
---------------------------------------------------------------------------------
Finished Handling Custom Attributes : Time (s): cpu = 00:00:04 ; elapsed = 00:00:04 . Memory (MB): peak = 2946.930 ; gain = 238.625 ; free physical = 11480 ; free virtual = 120284
---------------------------------------------------------------------------------
---------------------------------------------------------------------------------
Finished RTL Optimization Phase 1 : Time (s): cpu = 00:00:04 ; elapsed = 00:00:04 . Memory (MB): peak = 2946.930 ; gain = 238.625 ; free physical = 11480 ; free virtual = 120284
---------------------------------------------------------------------------------
Netlist sorting complete. Time (s): cpu = 00:00:00.01 ; elapsed = 00:00:00.01 . Memory (MB): peak = 2946.930 ; gain = 0.000 ; free physical = 11481 ; free virtual = 120285
INFO: [Project 1-570] Preparing netlist for logic optimization

Processing XDC Constraints
Initializing timing engine
Parsing XDC File [/home/ishfisav/Desktop/amd2025.2/2025.2/Vivado/bin/eth_1G/eth_1G.gen/sources_1/bd/design_1/ip/design_1_zynq_ultra_ps_e_0_0/design_1_zynq_ultra_ps_e_0_0.xdc] for cell 'design_1_i/zynq_ultra_ps_e_0/inst'
Finished Parsing XDC File [/home/ishfisav/Desktop/amd2025.2/2025.2/Vivado/bin/eth_1G/eth_1G.gen/sources_1/bd/design_1/ip/design_1_zynq_ultra_ps_e_0_0/design_1_zynq_ultra_ps_e_0_0.xdc] for cell 'design_1_i/zynq_ultra_ps_e_0/inst'
Parsing XDC File [/home/ishfisav/Desktop/amd2025.2/2025.2/Vivado/bin/eth_1G/eth_1G.runs/synth_1/dont_touch.xdc]
Finished Parsing XDC File [/home/ishfisav/Desktop/amd2025.2/2025.2/Vivado/bin/eth_1G/eth_1G.runs/synth_1/dont_touch.xdc]
INFO: [Project 1-236] Implementation specific constraints were found while reading constraint file [/home/ishfisav/Desktop/amd2025.2/2025.2/Vivado/bin/eth_1G/eth_1G.runs/synth_1/dont_touch.xdc]. These constraints will be ignored for synthesis but will be used in implementation. Impacted constraints are listed in the file [.Xil/design_1_wrapper_propImpl.xdc].
Resolution: To avoid this warning, move constraints listed in [.Xil/design_1_wrapper_propImpl.xdc] to another XDC file and exclude this new file from synthesis with the used_in_synthesis property (File Properties dialog in GUI) and re-run elaboration/synthesis.
Completed Processing XDC Constraints

Netlist sorting complete. Time (s): cpu = 00:00:00 ; elapsed = 00:00:00 . Memory (MB): peak = 2986.949 ; gain = 0.000 ; free physical = 11659 ; free virtual = 120463
INFO: [Project 1-111] Unisim Transformation Summary:
No Unisim elements were transformed.

Constraint Validation Runtime : Time (s): cpu = 00:00:00 ; elapsed = 00:00:00 . Memory (MB): peak = 2986.984 ; gain = 0.000 ; free physical = 11661 ; free virtual = 120465
INFO: [Designutils 20-5440] No compile time benefit to using incremental synthesis; A full resynthesis will be run
INFO: [Designutils 20-4379] Flow is switching to default flow due to incremental criteria not met. If you would like to alter this behaviour and have the flow terminate instead, please set the following parameter config_implementation {autoIncr.Synth.RejectBehavior Terminate}
---------------------------------------------------------------------------------
Finished Constraint Validation : Time (s): cpu = 00:00:11 ; elapsed = 00:00:11 . Memory (MB): peak = 2986.984 ; gain = 278.680 ; free physical = 11774 ; free virtual = 120538
---------------------------------------------------------------------------------
---------------------------------------------------------------------------------
Start Loading Part and Timing Information
---------------------------------------------------------------------------------
Loading part: xck26-sfvc784-2LV-c
INFO: [Synth 8-6742] Reading net delay rules and data
---------------------------------------------------------------------------------
Finished Loading Part and Timing Information : Time (s): cpu = 00:00:11 ; elapsed = 00:00:11 . Memory (MB): peak = 2994.953 ; gain = 286.648 ; free physical = 11774 ; free virtual = 120537
---------------------------------------------------------------------------------
---------------------------------------------------------------------------------
Start Applying 'set_property' XDC Constraints
---------------------------------------------------------------------------------
---------------------------------------------------------------------------------
Finished applying 'set_property' XDC Constraints : Time (s): cpu = 00:00:11 ; elapsed = 00:00:11 . Memory (MB): peak = 2994.953 ; gain = 286.648 ; free physical = 11774 ; free virtual = 120537
---------------------------------------------------------------------------------
---------------------------------------------------------------------------------
Finished RTL Optimization Phase 2 : Time (s): cpu = 00:00:11 ; elapsed = 00:00:11 . Memory (MB): peak = 2994.953 ; gain = 286.648 ; free physical = 11761 ; free virtual = 120550
---------------------------------------------------------------------------------
---------------------------------------------------------------------------------
Start RTL Component Statistics 
---------------------------------------------------------------------------------
Detailed RTL Component Info : 
+---Registers : 
	                1 Bit    Registers := 1     
---------------------------------------------------------------------------------
Finished RTL Component Statistics 
---------------------------------------------------------------------------------
---------------------------------------------------------------------------------
Start Part Resource Summary
---------------------------------------------------------------------------------
Part Resources:
DSPs: 1248 (col length:96)
BRAMs: 288 (col length: RAMB18 96 RAMB36 48)
---------------------------------------------------------------------------------
Finished Part Resource Summary
---------------------------------------------------------------------------------
---------------------------------------------------------------------------------
Start Cross Boundary and Area Optimization
---------------------------------------------------------------------------------
---------------------------------------------------------------------------------
Finished Cross Boundary and Area Optimization : Time (s): cpu = 00:00:12 ; elapsed = 00:00:12 . Memory (MB): peak = 2994.953 ; gain = 286.648 ; free physical = 11775 ; free virtual = 120569
---------------------------------------------------------------------------------
---------------------------------------------------------------------------------
Start Applying XDC Timing Constraints
---------------------------------------------------------------------------------
---------------------------------------------------------------------------------
Finished Applying XDC Timing Constraints : Time (s): cpu = 00:00:17 ; elapsed = 00:00:18 . Memory (MB): peak = 4772.594 ; gain = 2064.289 ; free physical = 10077 ; free virtual = 118938
---------------------------------------------------------------------------------
---------------------------------------------------------------------------------
Start Timing Optimization
---------------------------------------------------------------------------------
---------------------------------------------------------------------------------
Finished Timing Optimization : Time (s): cpu = 00:00:17 ; elapsed = 00:00:18 . Memory (MB): peak = 4797.602 ; gain = 2089.297 ; free physical = 10054 ; free virtual = 118914
---------------------------------------------------------------------------------
---------------------------------------------------------------------------------
Start Technology Mapping
---------------------------------------------------------------------------------
---------------------------------------------------------------------------------
Finished Technology Mapping : Time (s): cpu = 00:00:17 ; elapsed = 00:00:18 . Memory (MB): peak = 4805.609 ; gain = 2097.305 ; free physical = 10046 ; free virtual = 118906
---------------------------------------------------------------------------------
---------------------------------------------------------------------------------
Start IO Insertion
---------------------------------------------------------------------------------
---------------------------------------------------------------------------------
Start Flattening Before IO Insertion
---------------------------------------------------------------------------------
---------------------------------------------------------------------------------
Finished Flattening Before IO Insertion
---------------------------------------------------------------------------------
---------------------------------------------------------------------------------
Start Final Netlist Cleanup
---------------------------------------------------------------------------------
---------------------------------------------------------------------------------
Finished Final Netlist Cleanup
---------------------------------------------------------------------------------
---------------------------------------------------------------------------------
Finished IO Insertion : Time (s): cpu = 00:00:20 ; elapsed = 00:00:20 . Memory (MB): peak = 4987.422 ; gain = 2279.117 ; free physical = 9530 ; free virtual = 118325
---------------------------------------------------------------------------------
---------------------------------------------------------------------------------
Start Renaming Generated Instances
---------------------------------------------------------------------------------
---------------------------------------------------------------------------------
Finished Renaming Generated Instances : Time (s): cpu = 00:00:20 ; elapsed = 00:00:20 . Memory (MB): peak = 4987.422 ; gain = 2279.117 ; free physical = 9530 ; free virtual = 118325
---------------------------------------------------------------------------------
---------------------------------------------------------------------------------
Start Rebuilding User Hierarchy
---------------------------------------------------------------------------------
---------------------------------------------------------------------------------
Finished Rebuilding User Hierarchy : Time (s): cpu = 00:00:20 ; elapsed = 00:00:20 . Memory (MB): peak = 4987.422 ; gain = 2279.117 ; free physical = 9526 ; free virtual = 118323
---------------------------------------------------------------------------------
---------------------------------------------------------------------------------
Start Renaming Generated Ports
---------------------------------------------------------------------------------
---------------------------------------------------------------------------------
Finished Renaming Generated Ports : Time (s): cpu = 00:00:20 ; elapsed = 00:00:20 . Memory (MB): peak = 4987.422 ; gain = 2279.117 ; free physical = 9514 ; free virtual = 118325
---------------------------------------------------------------------------------
---------------------------------------------------------------------------------
Start Handling Custom Attributes
---------------------------------------------------------------------------------
---------------------------------------------------------------------------------
Finished Handling Custom Attributes : Time (s): cpu = 00:00:20 ; elapsed = 00:00:20 . Memory (MB): peak = 4987.422 ; gain = 2279.117 ; free physical = 9514 ; free virtual = 118325
---------------------------------------------------------------------------------
---------------------------------------------------------------------------------
Start Renaming Generated Nets
---------------------------------------------------------------------------------
---------------------------------------------------------------------------------
Finished Renaming Generated Nets : Time (s): cpu = 00:00:20 ; elapsed = 00:00:20 . Memory (MB): peak = 4987.422 ; gain = 2279.117 ; free physical = 9514 ; free virtual = 118325
---------------------------------------------------------------------------------
---------------------------------------------------------------------------------
Start Writing Synthesis Report
---------------------------------------------------------------------------------

Report BlackBoxes: 
+-+--------------+----------+
| |BlackBox name |Instances |
+-+--------------+----------+
+-+--------------+----------+

Report Cell Usage: 
+------+--------+------+
|      |Cell    |Count |
+------+--------+------+
|1     |BUFG_PS |     2|
|2     |LUT1    |   264|
|3     |PS8     |     1|
+------+--------+------+
---------------------------------------------------------------------------------
Finished Writing Synthesis Report : Time (s): cpu = 00:00:20 ; elapsed = 00:00:20 . Memory (MB): peak = 4987.422 ; gain = 2279.117 ; free physical = 9514 ; free virtual = 118325
---------------------------------------------------------------------------------
Synthesis finished with 0 errors, 0 critical warnings and 571 warnings.
Synthesis Optimization Runtime : Time (s): cpu = 00:00:15 ; elapsed = 00:00:16 . Memory (MB): peak = 4987.422 ; gain = 2239.062 ; free physical = 9441 ; free virtual = 118263
Synthesis Optimization Complete : Time (s): cpu = 00:00:20 ; elapsed = 00:00:20 . Memory (MB): peak = 4987.422 ; gain = 2279.117 ; free physical = 9439 ; free virtual = 118260
INFO: [Project 1-571] Translating synthesized netlist
Netlist sorting complete. Time (s): cpu = 00:00:00.01 ; elapsed = 00:00:00.02 . Memory (MB): peak = 4987.422 ; gain = 0.000 ; free physical = 9541 ; free virtual = 118411
INFO: [Project 1-570] Preparing netlist for logic optimization
INFO: [Opt 31-138] Pushed 0 inverter(s) to 0 load pin(s).
Netlist sorting complete. Time (s): cpu = 00:00:00 ; elapsed = 00:00:00 . Memory (MB): peak = 4987.422 ; gain = 0.000 ; free physical = 9477 ; free virtual = 118378
INFO: [Project 1-111] Unisim Transformation Summary:
No Unisim elements were transformed.

Synth Design complete | Checksum: 25dcb71
INFO: [Common 17-83] Releasing license: Synthesis
43 Infos, 208 Warnings, 0 Critical Warnings and 0 Errors encountered.
synth_design completed successfully
synth_design: Time (s): cpu = 00:00:28 ; elapsed = 00:00:27 . Memory (MB): peak = 4987.422 ; gain = 3286.578 ; free physical = 9464 ; free virtual = 118372
INFO: [Common 17-2834] synth_design peak Physical Memory [PSS] (MB): overall = 4227.309; main = 3986.597; forked = 279.896
INFO: [Common 17-2834] synth_design peak Virtual Memory [VSS] (MB): overall = 5976.461; main = 4987.426; forked = 989.035
INFO: [Common 17-1381] The checkpoint '/home/ishfisav/Desktop/amd2025.2/2025.2/Vivado/bin/eth_1G/eth_1G.runs/synth_1/design_1_wrapper.dcp' has been generated.
INFO: [Vivado 12-24828] Executing command : report_utilization -file design_1_wrapper_utilization_synth.rpt -pb design_1_wrapper_utilization_synth.pb
INFO: [Common 17-206] Exiting Vivado at Tue Feb 10 17:08:08 2026...
